This file contains any messages produced by compilers while
running configure, to aid debugging if configure makes a mistake.

It was created by SIGVerse configure 2009-12-25, which was
generated by GNU Autoconf 2.68.  Invocation command line was

  $ ./configure --no-create --no-recursion

## --------- ##
## Platform. ##
## --------- ##

hostname = ubuntu
uname -m = i686
uname -r = 3.2.0-58-generic-pae
uname -s = Linux
uname -v = #88-Ubuntu SMP Tue Dec 3 18:00:02 UTC 2013

/usr/bin/uname -p = unknown
/bin/uname -X     = unknown

/bin/arch              = unknown
/usr/bin/arch -k       = unknown
/usr/convex/getsysinfo = unknown
/usr/bin/hostinfo      = unknown
/bin/machine           = unknown
/usr/bin/oslevel       = unknown
/bin/universe          = unknown

PATH: /opt/ros/hydro/bin
PATH: /usr/lib/lightdm/lightdm
PATH: /usr/local/sbin
PATH: /usr/local/bin
PATH: /usr/sbin
PATH: /usr/bin
PATH: /sbin
PATH: /bin
PATH: /usr/games
PATH: /home/inamura/sigverse-2.2.2/bin


## ----------- ##
## Core tests. ##
## ----------- ##

configure:1926: checking for a BSD-compatible install
configure:1994: result: /usr/bin/install -c
configure:2005: checking whether build environment is sane
configure:2055: result: yes
configure:2196: checking for a thread-safe mkdir -p
configure:2235: result: /bin/mkdir -p
configure:2248: checking for gawk
configure:2278: result: no
configure:2248: checking for mawk
configure:2264: found /usr/bin/mawk
configure:2275: result: mawk
configure:2286: checking whether make sets $(MAKE)
configure:2308: result: yes
configure:2451: checking for g++
configure:2467: found /usr/bin/g++
configure:2478: result: g++
configure:2505: checking for C++ compiler version
configure:2514: g++ --version >&5
g++ (Ubuntu/Linaro 4.6.3-1ubuntu5) 4.6.3
Copyright (C) 2011 Free Software Foundation, Inc.
This is free software; see the source for copying conditions.  There is NO
warranty; not even for MERCHANTABILITY or FITNESS FOR A PARTICULAR PURPOSE.

configure:2525: $? = 0
configure:2514: g++ -v >&5
Using built-in specs.
COLLECT_GCC=g++
COLLECT_LTO_WRAPPER=/usr/lib/gcc/i686-linux-gnu/4.6/lto-wrapper
Target: i686-linux-gnu
Configured with: ../src/configure -v --with-pkgversion='Ubuntu/Linaro 4.6.3-1ubuntu5' --with-bugurl=file:///usr/share/doc/gcc-4.6/README.Bugs --enable-languages=c,c++,fortran,objc,obj-c++ --prefix=/usr --program-suffix=-4.6 --enable-shared --enable-linker-build-id --with-system-zlib --libexecdir=/usr/lib --without-included-gettext --enable-threads=posix --with-gxx-include-dir=/usr/include/c++/4.6 --libdir=/usr/lib --enable-nls --with-sysroot=/ --enable-clocale=gnu --enable-libstdcxx-debug --enable-libstdcxx-time=yes --enable-gnu-unique-object --enable-plugin --enable-objc-gc --enable-targets=all --disable-werror --with-arch-32=i686 --with-tune=generic --enable-checking=release --build=i686-linux-gnu --host=i686-linux-gnu --target=i686-linux-gnu
Thread model: posix
gcc version 4.6.3 (Ubuntu/Linaro 4.6.3-1ubuntu5) 
configure:2525: $? = 0
configure:2514: g++ -V >&5
g++: error: unrecognized option '-V'
g++: fatal error: no input files
compilation terminated.
configure:2525: $? = 4
configure:2514: g++ -qversion >&5
g++: error: unrecognized option '-qversion'
g++: fatal error: no input files
compilation terminated.
configure:2525: $? = 4
configure:2545: checking whether the C++ compiler works
configure:2567: g++    conftest.cpp  >&5
configure:2571: $? = 0
configure:2619: result: yes
configure:2622: checking for C++ compiler default output file name
configure:2624: result: a.out
configure:2630: checking for suffix of executables
configure:2637: g++ -o conftest    conftest.cpp  >&5
configure:2641: $? = 0
configure:2663: result: 
configure:2685: checking whether we are cross compiling
configure:2693: g++ -o conftest    conftest.cpp  >&5
configure:2697: $? = 0
configure:2704: ./conftest
configure:2708: $? = 0
configure:2723: result: no
configure:2728: checking for suffix of object files
configure:2750: g++ -c   conftest.cpp >&5
configure:2754: $? = 0
configure:2775: result: o
configure:2779: checking whether we are using the GNU C++ compiler
configure:2798: g++ -c   conftest.cpp >&5
configure:2798: $? = 0
configure:2807: result: yes
configure:2816: checking whether g++ accepts -g
configure:2836: g++ -c -g  conftest.cpp >&5
configure:2836: $? = 0
configure:2877: result: yes
configure:2911: checking for style of include used by make
configure:2939: result: GNU
configure:2965: checking dependency style of g++
configure:3076: result: gcc3
configure:3139: checking for gcc
configure:3155: found /usr/bin/gcc
configure:3166: result: gcc
configure:3395: checking for C compiler version
configure:3404: gcc --version >&5
gcc (Ubuntu/Linaro 4.6.3-1ubuntu5) 4.6.3
Copyright (C) 2011 Free Software Foundation, Inc.
This is free software; see the source for copying conditions.  There is NO
warranty; not even for MERCHANTABILITY or FITNESS FOR A PARTICULAR PURPOSE.

configure:3415: $? = 0
configure:3404: gcc -v >&5
Using built-in specs.
COLLECT_GCC=gcc
COLLECT_LTO_WRAPPER=/usr/lib/gcc/i686-linux-gnu/4.6/lto-wrapper
Target: i686-linux-gnu
Configured with: ../src/configure -v --with-pkgversion='Ubuntu/Linaro 4.6.3-1ubuntu5' --with-bugurl=file:///usr/share/doc/gcc-4.6/README.Bugs --enable-languages=c,c++,fortran,objc,obj-c++ --prefix=/usr --program-suffix=-4.6 --enable-shared --enable-linker-build-id --with-system-zlib --libexecdir=/usr/lib --without-included-gettext --enable-threads=posix --with-gxx-include-dir=/usr/include/c++/4.6 --libdir=/usr/lib --enable-nls --with-sysroot=/ --enable-clocale=gnu --enable-libstdcxx-debug --enable-libstdcxx-time=yes --enable-gnu-unique-object --enable-plugin --enable-objc-gc --enable-targets=all --disable-werror --with-arch-32=i686 --with-tune=generic --enable-checking=release --build=i686-linux-gnu --host=i686-linux-gnu --target=i686-linux-gnu
Thread model: posix
gcc version 4.6.3 (Ubuntu/Linaro 4.6.3-1ubuntu5) 
configure:3415: $? = 0
configure:3404: gcc -V >&5
gcc: error: unrecognized option '-V'
gcc: fatal error: no input files
compilation terminated.
configure:3415: $? = 4
configure:3404: gcc -qversion >&5
gcc: error: unrecognized option '-qversion'
gcc: fatal error: no input files
compilation terminated.
configure:3415: $? = 4
configure:3419: checking whether we are using the GNU C compiler
configure:3438: gcc -c   conftest.c >&5
configure:3438: $? = 0
configure:3447: result: yes
configure:3456: checking whether gcc accepts -g
configure:3476: gcc -c -g  conftest.c >&5
configure:3476: $? = 0
configure:3517: result: yes
configure:3534: checking for gcc option to accept ISO C89
configure:3598: gcc  -c -g -O2  conftest.c >&5
configure:3598: $? = 0
configure:3611: result: none needed
configure:3633: checking dependency style of gcc
configure:3744: result: gcc3
configure:3760: checking whether ln -s works
configure:3764: result: yes
configure:3800: checking for main in -lxerces-c
configure:3819: gcc -o conftest -g -O2   conftest.c -lxerces-c   >&5
configure:3819: $? = 0
configure:3828: result: yes
configure:3841: checking for main in -lode
configure:3860: gcc -o conftest -g -O2   conftest.c -lode  -lxerces-c  >&5
configure:3860: $? = 0
configure:3869: result: yes
configure:3882: checking for main in -lpthread
configure:3901: gcc -o conftest -g -O2   conftest.c -lpthread  -lode -lxerces-c  >&5
configure:3901: $? = 0
configure:3910: result: yes
configure:3962: checking for /usr/bin
configure:3976: result: yes
configure:4053: checking for "/usr/lib/jvm/java-6-openjdk-i386/jre/lib/i386/server/libjvm.so"
configure:4067: result: yes
configure:4217: creating ./config.status

## ---------------- ##
## Cache variables. ##
## ---------------- ##

ac_cv_c_compiler_gnu=yes
ac_cv_cxx_compiler_gnu=yes
ac_cv_env_CCC_set=
ac_cv_env_CCC_value=
ac_cv_env_CC_set=
ac_cv_env_CC_value=
ac_cv_env_CFLAGS_set=
ac_cv_env_CFLAGS_value=
ac_cv_env_CPPFLAGS_set=
ac_cv_env_CPPFLAGS_value=
ac_cv_env_CXXFLAGS_set=
ac_cv_env_CXXFLAGS_value=
ac_cv_env_CXX_set=
ac_cv_env_CXX_value=
ac_cv_env_LDFLAGS_set=
ac_cv_env_LDFLAGS_value=
ac_cv_env_LIBS_set=
ac_cv_env_LIBS_value=
ac_cv_env_build_alias_set=
ac_cv_env_build_alias_value=
ac_cv_env_host_alias_set=
ac_cv_env_host_alias_value=
ac_cv_env_target_alias_set=
ac_cv_env_target_alias_value=
ac_cv_file__usr_bin=yes
ac_cv_file__usr_lib_jvm_java_6_openjdk_i386_jre_lib_i386_server_libjvm_so=yes
ac_cv_lib_ode_main=yes
ac_cv_lib_pthread_main=yes
ac_cv_lib_xerces_c_main=yes
ac_cv_objext=o
ac_cv_path_install='/usr/bin/install -c'
ac_cv_path_mkdir=/bin/mkdir
ac_cv_prog_AWK=mawk
ac_cv_prog_ac_ct_CC=gcc
ac_cv_prog_ac_ct_CXX=g++
ac_cv_prog_cc_c89=
ac_cv_prog_cc_g=yes
ac_cv_prog_cxx_g=yes
ac_cv_prog_make_make_set=yes
am_cv_CC_dependencies_compiler_type=gcc3
am_cv_CXX_dependencies_compiler_type=gcc3

## ----------------- ##
## Output variables. ##
## ----------------- ##

ACLOCAL='${SHELL} /home/inamura/git-work/SIGServer/missing --run aclocal-1.11'
AMDEPBACKSLASH='\'
AMDEP_FALSE='#'
AMDEP_TRUE=''
AMTAR='$${TAR-tar}'
AUTOCONF='${SHELL} /home/inamura/git-work/SIGServer/missing --run autoconf'
AUTOHEADER='${SHELL} /home/inamura/git-work/SIGServer/missing --run autoheader'
AUTOMAKE='${SHELL} /home/inamura/git-work/SIGServer/missing --run automake-1.11'
AWK='mawk'
CC='gcc'
CCDEPMODE='depmode=gcc3'
CFLAGS='-g -O2'
CPPFLAGS=''
CXX='g++'
CXXDEPMODE='depmode=gcc3'
CXXFLAGS='-g -O2'
CYGPATH_W='echo'
DEFS='-DHAVE_CONFIG_H'
DEPDIR='.deps'
ECHO_C=''
ECHO_N='-n'
ECHO_T=''
EXEEXT=''
INSTALL_DATA='${INSTALL} -m 644'
INSTALL_PROGRAM='${INSTALL}'
INSTALL_SCRIPT='${INSTALL}'
INSTALL_STRIP_PROGRAM='$(install_sh) -c -s'
LDFLAGS=''
LIBJVMDIR='/usr/lib/jvm/java-6-openjdk-i386/jre/lib/i386/server'
LIBOBJS=''
LIBS='-lpthread -lode -lxerces-c '
LN_S='ln -s'
LTLIBOBJS=''
MAKEINFO='${SHELL} /home/inamura/git-work/SIGServer/missing --run makeinfo'
MKDIR_P='/bin/mkdir -p'
OBJEXT='o'
PACKAGE='sigverse'
PACKAGE_BUGREPORT='BUG-REPORT-ADDRESS'
PACKAGE_NAME='SIGVerse'
PACKAGE_STRING='SIGVerse 2009-12-25'
PACKAGE_TARNAME='sigverse'
PACKAGE_URL=''
PACKAGE_VERSION='2009-12-25'
PATH_SEPARATOR=':'
SET_MAKE=''
SHELL='/bin/sh'
STRIP=''
VERSION='2009-12-25'
X3DPARSER_CFG='/home/inamura/sigverse-2.2.2/share/sigverse/etc/X3DParser.cfg'
ac_ct_CC='gcc'
ac_ct_CXX='g++'
am__EXEEXT_FALSE=''
am__EXEEXT_TRUE='#'
am__fastdepCC_FALSE='#'
am__fastdepCC_TRUE=''
am__fastdepCXX_FALSE='#'
am__fastdepCXX_TRUE=''
am__include='include'
am__isrc=''
am__leading_dot='.'
am__nodep='_no'
am__quote=''
am__tar='$${TAR-tar} chof - "$$tardir"'
am__untar='$${TAR-tar} xf -'
bindir='/home/inamura/sigverse-2.2.2/bin'
build_alias=''
confdir=''
datadir='/home/inamura/sigverse-2.2.2/share/sigverse'
datarootdir='${prefix}/share'
dictkitdir=''
docdir='${datarootdir}/doc/${PACKAGE_TARNAME}'
dvidir='${docdir}'
exec_prefix='${prefix}'
host_alias=''
htmldir='${docdir}'
includedir='/home/inamura/sigverse-2.2.2/include'
infodir='${datarootdir}/info'
install_sh='${SHELL} /home/inamura/git-work/SIGServer/install-sh'
jardir='/home/inamura/sigverse-2.2.2/share/sigverse/jar'
juliusbin='/usr/bin'
libdir='${exec_prefix}/lib'
libexecdir='${exec_prefix}/libexec'
localedir='${datarootdir}/locale'
localstatedir='${prefix}/var'
mandir='${datarootdir}/man'
mkdir_p='/bin/mkdir -p'
oldincludedir='/usr/include'
pdfdir='${docdir}'
prefix='/home/inamura/sigverse-2.2.2'
program_transform_name='s,x,x,'
psdir='${docdir}'
samplesdir='/home/inamura/sigverse-2.2.2/share/sigverse/samples'
sbindir='${exec_prefix}/sbin'
sharedstatedir='${prefix}/com'
sigdatadir='/home/inamura/sigverse-2.2.2/share/sigverse/data'
sigdatashapedir='/home/inamura/sigverse-2.2.2/share/sigverse/data/shape'
sigdataxmldir='/home/inamura/sigverse-2.2.2/share/sigverse/data/xml'
sigetcdir='/home/inamura/sigverse-2.2.2/share/sigverse/etc'
sigincludedir='/home/inamura/sigverse-2.2.2/include/sigverse'
sysconfdir='${prefix}/etc'
target_alias=''

## ----------- ##
## confdefs.h. ##
## ----------- ##

/* confdefs.h */
#define PACKAGE_NAME "SIGVerse"
#define PACKAGE_TARNAME "sigverse"
#define PACKAGE_VERSION "2009-12-25"
#define PACKAGE_STRING "SIGVerse 2009-12-25"
#define PACKAGE_BUGREPORT "BUG-REPORT-ADDRESS"
#define PACKAGE_URL ""
#define PACKAGE "sigverse"
#define VERSION "2009-12-25"
#define HAVE_LIBXERCES_C 1
#define HAVE_LIBODE 1
#define HAVE_LIBPTHREAD 1

configure: exit 0

## ---------------------- ##
## Running config.status. ##
## ---------------------- ##

This file was extended by SIGVerse config.status 2009-12-25, which was
generated by GNU Autoconf 2.68.  Invocation command line was

  CONFIG_FILES    = 
  CONFIG_HEADERS  = 
  CONFIG_LINKS    = 
  CONFIG_COMMANDS = 
  $ ./config.status 

on ubuntu

config.status:883: creating Makefile
config.status:883: creating jar/Makefile
config.status:883: creating srcs/Makefile
config.status:883: creating srcs/server/Makefile
config.status:883: creating srcs/server/sigserver.sh
config.status:883: creating srcs/server/X3DParser.cfg
config.status:883: creating srcs/server/conf/Makefile
config.status:883: creating srcs/model/Makefile
config.status:883: creating srcs/model/siggenac
config.status:883: creating srcs/model/include/Makefile
config.status:883: creating srcs/model/samples/export/Makefile
config.status:883: creating srcs/model/samples/export/Makefile.controller
config.status:883: creating srcs/julius-sp/Makefile
config.status:883: creating srcs/julius-sp/sigjsp.sh
config.status:883: creating srcs/julius-sp/sigjsp.conf
config.status:883: creating config.h
config.status:1064: config.h is unchanged
config.status:1112: executing depfiles commands

## ---------------------- ##
## Running config.status. ##
## ---------------------- ##

This file was extended by SIGVerse config.status 2009-12-25, which was
generated by GNU Autoconf 2.68.  Invocation command line was

  CONFIG_FILES    = 
  CONFIG_HEADERS  = 
  CONFIG_LINKS    = 
  CONFIG_COMMANDS = 
  $ ./config.status config.h

on ubuntu

config.status:883: creating config.h
config.status:1064: config.h is unchanged

## ---------------------- ##
## Running config.status. ##
## ---------------------- ##

This file was extended by SIGVerse config.status 2009-12-25, which was
generated by GNU Autoconf 2.68.  Invocation command line was

  CONFIG_FILES    = 
  CONFIG_HEADERS  = 
  CONFIG_LINKS    = 
  CONFIG_COMMANDS = 
  $ ./config.status Makefile

on ubuntu

config.status:883: creating Makefile
